2022-07-02 15:57:57,822 - model.Market - INFO - 

 STEP 0


2022-07-02 15:57:58,030 - model.Market - DEBUG - EDt: 0.000000 - EDf:  0.00 - ED:  0.00 - noise: -0.43 - Transition probability: 2.608
2022-07-02 15:57:58,031 - model.Market - DEBUG - NF:   180 - NT+:    10 - NT-:    10 - Price:  9.99
2022-07-02 15:57:58,394 - model.Market - INFO - 

 STEP 1


2022-07-02 15:57:58,640 - model.Market - DEBUG - EDt: -0.020000 - EDf:  0.02 - ED: -0.00 - noise: -0.19 - Transition probability: 1.166
2022-07-02 15:57:58,644 - model.Market - DEBUG - NF:   179 - NT+:    10 - NT-:    11 - Price:  9.98
2022-07-02 15:57:59,008 - model.Market - INFO - 

 STEP 2


2022-07-02 15:57:59,241 - model.Market - DEBUG - EDt: -0.020000 - EDf:  0.04 - ED:  0.02 - noise:  0.19 - Transition probability: 1.226
2022-07-02 15:57:59,242 - model.Market - DEBUG - NF:   179 - NT+:    10 - NT-:    11 - Price:  9.99
2022-07-02 15:57:59,595 - model.Market - INFO - 

 STEP 3


2022-07-02 15:57:59,926 - model.Market - DEBUG - EDt: -0.020000 - EDf:  0.02 - ED: -0.00 - noise: -0.08 - Transition probability: 0.486
2022-07-02 15:57:59,926 - model.Market - DEBUG - NF:   179 - NT+:    10 - NT-:    11 - Price:  9.98
2022-07-02 15:58:00,277 - model.Market - INFO - 

 STEP 4


2022-07-02 15:58:00,474 - model.Market - DEBUG - EDt: -0.020000 - EDf:  0.04 - ED:  0.02 - noise:  0.73 - Transition probability: 4.460
2022-07-02 15:58:00,475 - model.Market - DEBUG - NF:   179 - NT+:    10 - NT-:    11 - Price:  9.99
2022-07-02 15:58:00,817 - model.Market - INFO - 

 STEP 5


2022-07-02 15:58:01,065 - model.Market - DEBUG - EDt: -0.040000 - EDf:  0.02 - ED: -0.02 - noise:  0.04 - Transition probability: 0.097
2022-07-02 15:58:01,066 - model.Market - DEBUG - NF:   180 - NT+:     9 - NT-:    11 - Price: 10.00
2022-07-02 15:58:01,418 - model.Market - INFO - 

 STEP 6


2022-07-02 15:58:01,676 - model.Market - DEBUG - EDt: -0.020000 - EDf:  0.00 - ED: -0.02 - noise:  0.30 - Transition probability: 1.682
2022-07-02 15:58:01,680 - model.Market - DEBUG - NF:   181 - NT+:     9 - NT-:    10 - Price: 10.01
2022-07-02 15:58:02,030 - model.Market - INFO - 

 STEP 7


2022-07-02 15:58:02,281 - model.Market - DEBUG - EDt: -0.020000 - EDf: -0.02 - ED: -0.04 - noise: -1.08 - Transition probability: 6.728
2022-07-02 15:58:02,282 - model.Market - DEBUG - NF:   183 - NT+:     8 - NT-:     9 - Price: 10.00
2022-07-02 15:58:02,631 - model.Market - INFO - 

 STEP 8


2022-07-02 15:58:03,021 - model.Market - DEBUG - EDt: -0.040000 - EDf:  0.00 - ED: -0.04 - noise: -0.62 - Transition probability: 3.935
2022-07-02 15:58:03,023 - model.Market - DEBUG - NF:   182 - NT+:     8 - NT-:    10 - Price:  9.99
2022-07-02 15:58:03,398 - model.Market - INFO - 

 STEP 9


2022-07-02 15:58:03,644 - model.Market - DEBUG - EDt: -0.040000 - EDf:  0.02 - ED: -0.02 - noise:  0.42 - Transition probability: 2.397
2022-07-02 15:58:03,646 - model.Market - DEBUG - NF:   182 - NT+:     8 - NT-:    10 - Price: 10.00
2022-07-02 15:58:03,999 - model.Market - INFO - 

 STEP 10


2022-07-02 15:58:04,331 - model.Market - DEBUG - EDt: -0.040000 - EDf:  0.00 - ED: -0.04 - noise: -0.22 - Transition probability: 1.580
2022-07-02 15:58:04,333 - model.Market - DEBUG - NF:   182 - NT+:     8 - NT-:    10 - Price:  9.99
